Using pre-set license
Built from '2020.3/staging' branch; Version is '2020.3.19f1 (68f137dc9bbe) revision 6877495'; Using compiler version '192528614'; Build Type 'Release'
OS: 'Windows 10 Home; OS build 19043.1288; Version 2009; 64bit' Language: 'en' Physical Memory: 32713 MB
BatchMode: 1, IsHumanControllingUs: 0, StartBugReporterOnCrash: 0, Is64bit: 1, IsPro: 0

COMMAND LINE ARGUMENTS:
C:\Program Files\Unity\Hub\Editor\2020.3.19f1\Editor\Unity.exe
-adb2
-batchMode
-noUpm
-name
AssetImportWorker0
-projectPath
C:/Users/travp/Desktop/Extra/mippy shit/SCORPJAM/ScoppyJam/ScorpJam
-logFile
Logs/AssetImportWorker0.log
-srvPort
54031
Successfully changed project path to: C:/Users/travp/Desktop/Extra/mippy shit/SCORPJAM/ScoppyJam/ScorpJam
C:/Users/travp/Desktop/Extra/mippy shit/SCORPJAM/ScoppyJam/ScorpJam
Using Asset Import Pipeline V2.
Refreshing native plugins compatible for Editor in 126.72 ms, found 2 plugins.
Preloading 0 native plugins for Editor in 0.00 ms.
Initialize engine version: 2020.3.19f1 (68f137dc9bbe)
[Subsystems] Discovering subsystems at path C:/Program Files/Unity/Hub/Editor/2020.3.19f1/Editor/Data/Resources/UnitySubsystems
[Subsystems] Discovering subsystems at path C:/Users/travp/Desktop/Extra/mippy shit/SCORPJAM/ScoppyJam/ScorpJam/Assets
GfxDevice: creating device client; threaded=0
Direct3D:
    Version:  Direct3D 11.0 [level 11.1]
    Renderer: NVIDIA GeForce RTX 3080 (ID=0x2206)
    Vendor:   
    VRAM:     10077 MB
    Driver:   30.0.14.9613
Initialize mono
Mono path[0] = 'C:/Program Files/Unity/Hub/Editor/2020.3.19f1/Editor/Data/Managed'
Mono path[1] = 'C:/Program Files/Unity/Hub/Editor/2020.3.19f1/Editor/Data/MonoBleedingEdge/lib/mono/unityjit'
Mono config path = 'C:/Program Files/Unity/Hub/Editor/2020.3.19f1/Editor/Data/MonoBleedingEdge/etc'
Using monoOptions --debugger-agent=transport=dt_socket,embedding=1,server=y,suspend=n,address=127.0.0.1:56124
Begin MonoManager ReloadAssembly
Registering precompiled unity dll's ...
Register platform support module: C:/Program Files/Unity/Hub/Editor/2020.3.19f1/Editor/Data/PlaybackEngines/WindowsStandaloneSupport/UnityEditor.WindowsStandalone.Extensions.dll
Registered in 0.001645 seconds.
Native extension for WindowsStandalone target not found
Refreshing native plugins compatible for Editor in 126.37 ms, found 2 plugins.
Preloading 0 native plugins for Editor in 0.00 ms.
Mono: successfully reloaded assembly
- Completed reload, in  0.937 seconds
Domain Reload Profiling:
	ReloadAssembly (937ms)
		BeginReloadAssembly (42ms)
			ExecutionOrderSort (0ms)
			DisableScriptedObjects (0ms)
			BackupInstance (0ms)
			ReleaseScriptingObjects (0ms)
			CreateAndSetChildDomain (1ms)
		EndReloadAssembly (452ms)
			LoadAssemblies (40ms)
			RebuildTransferFunctionScriptingTraits (0ms)
			SetupTypeCache (129ms)
			ReleaseScriptCaches (0ms)
			RebuildScriptCaches (25ms)
			SetupLoadedEditorAssemblies (237ms)
				LogAssemblyErrors (0ms)
				InitializePlatformSupportModulesInManaged (3ms)
				SetLoadedEditorAssemblies (0ms)
				RefreshPlugins (126ms)
				BeforeProcessingInitializeOnLoad (12ms)
				ProcessInitializeOnLoadAttributes (72ms)
				ProcessInitializeOnLoadMethodAttributes (24ms)
				AfterProcessingInitializeOnLoad (0ms)
				EditorAssembliesLoaded (0ms)
			ExecutionOrderSort2 (0ms)
			AwakeInstancesAfterBackupRestoration (0ms)
Platform modules already initialized, skipping
Registering precompiled user dll's ...
Registered in 0.003209 seconds.
Begin MonoManager ReloadAssembly
Native extension for WindowsStandalone target not found
Refreshing native plugins compatible for Editor in 1.62 ms, found 2 plugins.
Preloading 0 native plugins for Editor in 0.00 ms.
Mono: successfully reloaded assembly
- Completed reload, in  0.959 seconds
Domain Reload Profiling:
	ReloadAssembly (960ms)
		BeginReloadAssembly (125ms)
			ExecutionOrderSort (0ms)
			DisableScriptedObjects (4ms)
			BackupInstance (0ms)
			ReleaseScriptingObjects (0ms)
			CreateAndSetChildDomain (20ms)
		EndReloadAssembly (781ms)
			LoadAssemblies (71ms)
			RebuildTransferFunctionScriptingTraits (0ms)
			SetupTypeCache (243ms)
			ReleaseScriptCaches (1ms)
			RebuildScriptCaches (41ms)
			SetupLoadedEditorAssemblies (345ms)
				LogAssemblyErrors (0ms)
				InitializePlatformSupportModulesInManaged (4ms)
				SetLoadedEditorAssemblies (0ms)
				RefreshPlugins (2ms)
				BeforeProcessingInitializeOnLoad (102ms)
				ProcessInitializeOnLoadAttributes (229ms)
				ProcessInitializeOnLoadMethodAttributes (4ms)
				AfterProcessingInitializeOnLoad (4ms)
				EditorAssembliesLoaded (0ms)
			ExecutionOrderSort2 (0ms)
			AwakeInstancesAfterBackupRestoration (5ms)
Platform modules already initialized, skipping
========================================================================
Worker process is ready to serve import requests
Launched and connected shader compiler UnityShaderCompiler.exe after 0.05 seconds
Refreshing native plugins compatible for Editor in 1.57 ms, found 2 plugins.
Preloading 0 native plugins for Editor in 0.00 ms.
Unloading 2092 Unused Serialized files (Serialized files now loaded: 0)
System memory in use before: 231.9 MB.
System memory in use after: 232.0 MB.

Unloading 18 unused Assets to reduce memory usage. Loaded Objects now: 2533.
Total: 3.138900 ms (FindLiveObjects: 0.290300 ms CreateObjectMapping: 0.049000 ms MarkObjects: 2.663800 ms  DeleteObjects: 0.134600 ms)

AssetImportParameters requested are different than current active one (requested -> active):
  custom:framework-win-MediaFoundation: 216162199b28c13a410421893ffa2e32 -> 
  custom:video-decoder-ogg-theora: a1e56fd34408186e4bbccfd4996cb3dc -> 
  custom:container-muxer-webm: aa71ff27fc2769a1b78a27578f13a17b -> 
  custom:container-demuxer-webm: 4f35f7cbe854078d1ac9338744f61a02 -> 
  custom:container-demuxer-ogg: 62fdf1f143b41e24485cea50d1cbac27 -> 
  custom:video-encoder-webm-vp8: eb34c28f22e8b96e1ab97ce403110664 -> 
  custom:video-decoder-webm-vp8: 9c59270c3fd7afecdb556c50c9e8de78 -> 
  custom:audio-decoder-ogg-vorbis: bf7c407c2cedff20999df2af8eb42d56 -> 
  custom:audio-encoder-webm-vorbis: bf7c407c2cedff20999df2af8eb42d56 -> 
========================================================================
Received Import Request.
  path: Assets/Prefab/JAM/RigidbodyPol/FroggerPol.prefab
  artifactKey: Guid(d03e6e819b90d01458a6816c761d5a83) Importer(815301076,1909f56bfc062723c751e8b465ee728b)
Start importing Assets/Prefab/JAM/RigidbodyPol/FroggerPol.prefab using Guid(d03e6e819b90d01458a6816c761d5a83) Importer(815301076,1909f56bfc062723c751e8b465ee728b)  -> (artifact id: 'a35a35c843f46985b49fcbdbab4fb75b') in 0.099733 seconds 
  Import took 0.105566 seconds .

========================================================================
Received Import Request.
  Time since last request: 0.000272 seconds.
  path: Assets/Prefab/JAM/RigidbodyPol/BubbaPol.prefab
  artifactKey: Guid(047369dd56e0d314a8d0d0ff2c36b879) Importer(815301076,1909f56bfc062723c751e8b465ee728b)
Start importing Assets/Prefab/JAM/RigidbodyPol/BubbaPol.prefab using Guid(047369dd56e0d314a8d0d0ff2c36b879) Importer(815301076,1909f56bfc062723c751e8b465ee728b)  -> (artifact id: 'f910b0c259b60a077cbb6ad8a0e16c9d') in 0.032197 seconds 
  Import took 0.036514 seconds .

========================================================================
Received Import Request.
  Time since last request: 0.000242 seconds.
  path: Assets/Prefab/JAM/RigidbodyPol/WitchPol.prefab
  artifactKey: Guid(3c92fcdd789dabd48aa6ab3130d1b9ba) Importer(815301076,1909f56bfc062723c751e8b465ee728b)
Start importing Assets/Prefab/JAM/RigidbodyPol/WitchPol.prefab using Guid(3c92fcdd789dabd48aa6ab3130d1b9ba) Importer(815301076,1909f56bfc062723c751e8b465ee728b)  -> (artifact id: '0ff904b16f55462e931146b3e4792e05') in 0.029773 seconds 
  Import took 0.034692 seconds .

========================================================================
Received Import Request.
  Time since last request: 0.000206 seconds.
  path: Assets/Prefab/JAM/RigidbodyPol
  artifactKey: Guid(b72de233d8b0925459e58c4d9c6d6f3d) Importer(815301076,1909f56bfc062723c751e8b465ee728b)
Start importing Assets/Prefab/JAM/RigidbodyPol using Guid(b72de233d8b0925459e58c4d9c6d6f3d) Importer(815301076,1909f56bfc062723c751e8b465ee728b)  -> (artifact id: '651ebc6b0f1e96864858f148919e828e') in 0.006468 seconds 
  Import took 0.010353 seconds .

========================================================================
Received Import Request.
  Time since last request: 0.000204 seconds.
  path: Assets/Prefab/JAM/RigidbodyPol/PolMartin.prefab
  artifactKey: Guid(4861af18d7d53db48b8aa5382b3af164) Importer(815301076,1909f56bfc062723c751e8b465ee728b)
Start importing Assets/Prefab/JAM/RigidbodyPol/PolMartin.prefab using Guid(4861af18d7d53db48b8aa5382b3af164) Importer(815301076,1909f56bfc062723c751e8b465ee728b)  -> (artifact id: '6606d725aa0912d5f7ec4f3dd123f045') in 0.023133 seconds 
  Import took 0.028049 seconds .

========================================================================
Received Import Request.
  Time since last request: 0.000220 seconds.
  path: Assets/Prefab/JAM/RigidbodyPol/CopPol.prefab
  artifactKey: Guid(22778b40287cd3f48b590e29a7e1b3fd) Importer(815301076,1909f56bfc062723c751e8b465ee728b)
Start importing Assets/Prefab/JAM/RigidbodyPol/CopPol.prefab using Guid(22778b40287cd3f48b590e29a7e1b3fd) Importer(815301076,1909f56bfc062723c751e8b465ee728b)  -> (artifact id: '5c59153a76676c6bcbf7eb247cc02a32') in 0.031216 seconds 
  Import took 0.035991 seconds .

========================================================================
Received Import Request.
  Time since last request: 0.000203 seconds.
  path: Assets/Prefab/JAM/RigidbodyPol/BenreyPol.prefab
  artifactKey: Guid(9d5f8a7a745e53a4786b78c10a4bc045) Importer(815301076,1909f56bfc062723c751e8b465ee728b)
Start importing Assets/Prefab/JAM/RigidbodyPol/BenreyPol.prefab using Guid(9d5f8a7a745e53a4786b78c10a4bc045) Importer(815301076,1909f56bfc062723c751e8b465ee728b)  -> (artifact id: '068f988af818862862a2621b835bb578') in 0.020313 seconds 
  Import took 0.024905 seconds .

========================================================================
Received Import Request.
  Time since last request: 0.000222 seconds.
  path: Assets/Prefab/JAM/RigidbodyPol/PiratePol.prefab
  artifactKey: Guid(d8590f67f4753b74d8ab9f4dd44daefa) Importer(815301076,1909f56bfc062723c751e8b465ee728b)
Start importing Assets/Prefab/JAM/RigidbodyPol/PiratePol.prefab using Guid(d8590f67f4753b74d8ab9f4dd44daefa) Importer(815301076,1909f56bfc062723c751e8b465ee728b)  -> (artifact id: 'd2800bab6ebbaa26cd17b0073d92acb9') in 0.022957 seconds 
  Import took 0.027388 seconds .

========================================================================
Received Import Request.
  Time since last request: 0.000220 seconds.
  path: Assets/Prefab/JAM/RigidbodyPol/JameroquePol.prefab
  artifactKey: Guid(1502de2b7eb520744b256a833ad0a184) Importer(815301076,1909f56bfc062723c751e8b465ee728b)
Start importing Assets/Prefab/JAM/RigidbodyPol/JameroquePol.prefab using Guid(1502de2b7eb520744b256a833ad0a184) Importer(815301076,1909f56bfc062723c751e8b465ee728b)  -> (artifact id: '28a54144e77e8e92b1abd1a127c6e6d1') in 0.017931 seconds 
  Import took 0.022687 seconds .

========================================================================
Received Prepare
Registering precompiled user dll's ...
Registered in 0.003258 seconds.
Begin MonoManager ReloadAssembly
Native extension for WindowsStandalone target not found
Refreshing native plugins compatible for Editor in 1.54 ms, found 2 plugins.
Preloading 0 native plugins for Editor in 0.00 ms.
Mono: successfully reloaded assembly
- Completed reload, in  0.863 seconds
Domain Reload Profiling:
	ReloadAssembly (863ms)
		BeginReloadAssembly (111ms)
			ExecutionOrderSort (0ms)
			DisableScriptedObjects (3ms)
			BackupInstance (0ms)
			ReleaseScriptingObjects (0ms)
			CreateAndSetChildDomain (33ms)
		EndReloadAssembly (702ms)
			LoadAssemblies (68ms)
			RebuildTransferFunctionScriptingTraits (0ms)
			SetupTypeCache (217ms)
			ReleaseScriptCaches (1ms)
			RebuildScriptCaches (39ms)
			SetupLoadedEditorAssemblies (300ms)
				LogAssemblyErrors (0ms)
				InitializePlatformSupportModulesInManaged (4ms)
				SetLoadedEditorAssemblies (0ms)
				RefreshPlugins (2ms)
				BeforeProcessingInitializeOnLoad (88ms)
				ProcessInitializeOnLoadAttributes (199ms)
				ProcessInitializeOnLoadMethodAttributes (3ms)
				AfterProcessingInitializeOnLoad (4ms)
				EditorAssembliesLoaded (0ms)
			ExecutionOrderSort2 (0ms)
			AwakeInstancesAfterBackupRestoration (5ms)
Platform modules already initialized, skipping
Refreshing native plugins compatible for Editor in 1.83 ms, found 2 plugins.
Preloading 0 native plugins for Editor in 0.00 ms.
Unloading 1912 Unused Serialized files (Serialized files now loaded: 0)
System memory in use before: 231.3 MB.
System memory in use after: 231.4 MB.

Unloading 13 unused Assets to reduce memory usage. Loaded Objects now: 2543.
Total: 3.222900 ms (FindLiveObjects: 0.308000 ms CreateObjectMapping: 0.151200 ms MarkObjects: 2.650000 ms  DeleteObjects: 0.112400 ms)

AssetImportParameters requested are different than current active one (requested -> active):
  custom:framework-win-MediaFoundation: 216162199b28c13a410421893ffa2e32 -> 
  custom:video-decoder-ogg-theora: a1e56fd34408186e4bbccfd4996cb3dc -> 
  custom:container-muxer-webm: aa71ff27fc2769a1b78a27578f13a17b -> 
  custom:container-demuxer-webm: 4f35f7cbe854078d1ac9338744f61a02 -> 
  custom:container-demuxer-ogg: 62fdf1f143b41e24485cea50d1cbac27 -> 
  custom:video-encoder-webm-vp8: eb34c28f22e8b96e1ab97ce403110664 -> 
  custom:video-decoder-webm-vp8: 9c59270c3fd7afecdb556c50c9e8de78 -> 
  custom:audio-decoder-ogg-vorbis: bf7c407c2cedff20999df2af8eb42d56 -> 
  custom:audio-encoder-webm-vorbis: bf7c407c2cedff20999df2af8eb42d56 -> 
========================================================================
Received Prepare
Registering precompiled user dll's ...
Registered in 0.003512 seconds.
Begin MonoManager ReloadAssembly
Native extension for WindowsStandalone target not found
Refreshing native plugins compatible for Editor in 1.55 ms, found 2 plugins.
Preloading 0 native plugins for Editor in 0.00 ms.
Mono: successfully reloaded assembly
- Completed reload, in  0.860 seconds
Domain Reload Profiling:
	ReloadAssembly (861ms)
		BeginReloadAssembly (99ms)
			ExecutionOrderSort (0ms)
			DisableScriptedObjects (4ms)
			BackupInstance (0ms)
			ReleaseScriptingObjects (0ms)
			CreateAndSetChildDomain (29ms)
		EndReloadAssembly (706ms)
			LoadAssemblies (71ms)
			RebuildTransferFunctionScriptingTraits (0ms)
			SetupTypeCache (212ms)
			ReleaseScriptCaches (1ms)
			RebuildScriptCaches (32ms)
			SetupLoadedEditorAssemblies (313ms)
				LogAssemblyErrors (0ms)
				InitializePlatformSupportModulesInManaged (4ms)
				SetLoadedEditorAssemblies (0ms)
				RefreshPlugins (2ms)
				BeforeProcessingInitializeOnLoad (89ms)
				ProcessInitializeOnLoadAttributes (211ms)
				ProcessInitializeOnLoadMethodAttributes (3ms)
				AfterProcessingInitializeOnLoad (4ms)
				EditorAssembliesLoaded (0ms)
			ExecutionOrderSort2 (0ms)
			AwakeInstancesAfterBackupRestoration (5ms)
Platform modules already initialized, skipping
Refreshing native plugins compatible for Editor in 1.65 ms, found 2 plugins.
Preloading 0 native plugins for Editor in 0.00 ms.
Unloading 1912 Unused Serialized files (Serialized files now loaded: 0)
System memory in use before: 231.3 MB.
System memory in use after: 231.4 MB.

Unloading 13 unused Assets to reduce memory usage. Loaded Objects now: 2545.
Total: 3.019900 ms (FindLiveObjects: 0.242600 ms CreateObjectMapping: 0.046500 ms MarkObjects: 2.616000 ms  DeleteObjects: 0.113600 ms)

AssetImportParameters requested are different than current active one (requested -> active):
  custom:framework-win-MediaFoundation: 216162199b28c13a410421893ffa2e32 -> 
  custom:video-decoder-ogg-theora: a1e56fd34408186e4bbccfd4996cb3dc -> 
  custom:container-muxer-webm: aa71ff27fc2769a1b78a27578f13a17b -> 
  custom:container-demuxer-webm: 4f35f7cbe854078d1ac9338744f61a02 -> 
  custom:container-demuxer-ogg: 62fdf1f143b41e24485cea50d1cbac27 -> 
  custom:video-encoder-webm-vp8: eb34c28f22e8b96e1ab97ce403110664 -> 
  custom:video-decoder-webm-vp8: 9c59270c3fd7afecdb556c50c9e8de78 -> 
  custom:audio-decoder-ogg-vorbis: bf7c407c2cedff20999df2af8eb42d56 -> 
  custom:audio-encoder-webm-vorbis: bf7c407c2cedff20999df2af8eb42d56 -> 
AssetImportWorkerClient::OnTransportError - code=2 error=End of file
